<?xml version="1.0" encoding="UTF-8"?>
<testsuites>
  <testsuite name="fastlane.lanes">
    
    
    
      
      <testcase classname="fastlane.lanes" name="0: default_platform" time="0.000197">
        
      </testcase>
    
      
      <testcase classname="fastlane.lanes" name="1: clean assembleRelease" time="3.894022">
        
          <failure message="/Users/mstarikov/.gem/gems/fastlane-2.225.0/fastlane/lib/fastlane/actions/actions_helper.rb:67:in `execute_action&apos;&#10;/Users/mstarikov/.gem/gems/fastlane-2.225.0/fastlane/lib/fastlane/runner.rb:255:in `block in execute_action&apos;&#10;/Users/mstarikov/.gem/gems/fastlane-2.225.0/fastlane/lib/fastlane/runner.rb:229:in `chdir&apos;&#10;/Users/mstarikov/.gem/gems/fastlane-2.225.0/fastlane/lib/fastlane/runner.rb:229:in `execute_action&apos;&#10;/Users/mstarikov/.gem/gems/fastlane-2.225.0/fastlane/lib/fastlane/runner.rb:157:in `trigger_action_by_name&apos;&#10;/Users/mstarikov/.gem/gems/fastlane-2.225.0/fastlane/lib/fastlane/fast_file.rb:159:in `method_missing&apos;&#10;Fastfile:47:in `block (2 levels) in parsing_binding&apos;&#10;/Users/mstarikov/.gem/gems/fastlane-2.225.0/fastlane/lib/fastlane/lane.rb:41:in `call&apos;&#10;/Users/mstarikov/.gem/gems/fastlane-2.225.0/fastlane/lib/fastlane/runner.rb:49:in `block in execute&apos;&#10;/Users/mstarikov/.gem/gems/fastlane-2.225.0/fastlane/lib/fastlane/runner.rb:45:in `chdir&apos;&#10;/Users/mstarikov/.gem/gems/fastlane-2.225.0/fastlane/lib/fastlane/runner.rb:45:in `execute&apos;&#10;/Users/mstarikov/.gem/gems/fastlane-2.225.0/fastlane/lib/fastlane/lane_manager.rb:46:in `cruise_lane&apos;&#10;/Users/mstarikov/.gem/gems/fastlane-2.225.0/fastlane/lib/fastlane/command_line_handler.rb:34:in `handle&apos;&#10;/Users/mstarikov/.gem/gems/fastlane-2.225.0/fastlane/lib/fastlane/commands_generator.rb:110:in `block (2 levels) in run&apos;&#10;/Users/mstarikov/.gem/gems/commander-4.6.0/lib/commander/command.rb:187:in `call&apos;&#10;/Users/mstarikov/.gem/gems/commander-4.6.0/lib/commander/command.rb:157:in `run&apos;&#10;/Users/mstarikov/.gem/gems/commander-4.6.0/lib/commander/runner.rb:444:in `run_active_command&apos;&#10;/Users/mstarikov/.gem/gems/fastlane-2.225.0/fastlane_core/lib/fastlane_core/ui/fastlane_runner.rb:124:in `run!&apos;&#10;/Users/mstarikov/.gem/gems/commander-4.6.0/lib/commander/delegates.rb:18:in `run!&apos;&#10;/Users/mstarikov/.gem/gems/fastlane-2.225.0/fastlane/lib/fastlane/commands_generator.rb:363:in `run&apos;&#10;/Users/mstarikov/.gem/gems/fastlane-2.225.0/fastlane/lib/fastlane/commands_generator.rb:43:in `start&apos;&#10;/Users/mstarikov/.gem/gems/fastlane-2.225.0/fastlane/lib/fastlane/cli_tools_distributor.rb:123:in `take_off&apos;&#10;/Users/mstarikov/.gem/gems/fastlane-2.225.0/bin/fastlane:23:in `&lt;top (required)&gt;&apos;&#10;/Users/mstarikov/.gem/bin/fastlane:25:in `load&apos;&#10;/Users/mstarikov/.gem/bin/fastlane:25:in `&lt;main&gt;&apos;&#10;&#10;Exit status of command &apos;/Users/mstarikov/projects/maxim/android/morsetrainer/gradlew clean assembleRelease -p .&apos; was 1 instead of 0.&#10;WARNING:We recommend using a newer Android Gradle plugin to use compileSdk = 34&#10;&#10;This Android Gradle plugin (7.4.2) was tested up to compileSdk = 33&#10;&#10;This warning can be suppressed by adding&#10;    android.suppressUnsupportedCompileSdk=34&#10;to this project&apos;s gradle.properties&#10;&#10;The build will continue, but you are strongly encouraged to update your project to&#10;use a newer Android Gradle Plugin that has been tested with compileSdk = 34&#10;&gt; Task :app:clean&#10;&gt; Task :app:preBuild UP-TO-DATE&#10;&gt; Task :app:preReleaseBuild UP-TO-DATE&#10;&gt; Task :app:compileReleaseAidl NO-SOURCE&#10;&gt; Task :app:compileReleaseRenderscript NO-SOURCE&#10;&gt; Task :app:generateReleaseBuildConfig&#10;&gt; Task :app:javaPreCompileRelease&#10;&gt; Task :app:generateReleaseResValues&#10;&gt; Task :app:checkReleaseAarMetadata&#10;&gt; Task :app:processReleaseGoogleServices&#10;&gt; Task :app:mapReleaseSourceSetPaths&#10;&gt; Task :app:generateReleaseResources&#10;&gt; Task :app:createReleaseCompatibleScreenManifests&#10;&gt; Task :app:extractDeepLinksRelease&#10;&#10;&gt; Task :app:processReleaseMainManifest&#10;package=&quot;com.maxistar.morsetrainer&quot; found in source AndroidManifest.xml: /Users/mstarikov/projects/maxim/android/morsetrainer/app/src/main/AndroidManifest.xml.&#10;Setting the namespace via a source AndroidManifest.xml&apos;s package attribute is deprecated.&#10;Please instead set the namespace (or testNamespace) in the module&apos;s build.gradle file, as described here: https://developer.android.com/studio/build/configure-app-module#set-namespace&#10;This migration can be done automatically using the AGP Upgrade Assistant, please refer to https://developer.android.com/studio/build/agp-upgrade-assistant for more information.&#10;&#10;&gt; Task :app:processReleaseManifest&#10;&gt; Task :app:extractProguardFiles&#10;&gt; Task :app:mergeReleaseJniLibFolders&#10;&gt; Task :app:mergeReleaseNativeLibs NO-SOURCE&#10;&gt; Task :app:stripReleaseDebugSymbols NO-SOURCE&#10;&gt; Task :app:extractReleaseNativeSymbolTables NO-SOURCE&#10;&gt; Task :app:mergeReleaseNativeDebugMetadata NO-SOURCE&#10;&gt; Task :app:desugarReleaseFileDependencies&#10;&gt; Task :app:mergeReleaseArtProfile UP-TO-DATE&#10;&gt; Task :app:mergeReleaseShaders&#10;&gt; Task :app:checkReleaseDuplicateClasses&#10;&gt; Task :app:compileReleaseShaders NO-SOURCE&#10;&gt; Task :app:generateReleaseAssets UP-TO-DATE&#10;&gt; Task :app:mergeReleaseAssets&#10;&gt; Task :app:compressReleaseAssets&#10;&gt; Task :app:processReleaseJavaRes NO-SOURCE&#10;&gt; Task :app:collectReleaseDependencies&#10;&gt; Task :app:sdkReleaseDependencyData&#10;&gt; Task :app:validateSigningRelease&#10;&gt; Task :app:writeReleaseAppMetadata&#10;&gt; Task :app:writeReleaseSigningConfigVersions&#10;&gt; Task :app:processReleaseManifestForPackage&#10;&gt; Task :app:mergeReleaseResources&#10;&gt; Task :app:mergeReleaseJavaResource&#10;&gt; Task :app:processReleaseResources&#10;&gt; Task :app:mergeExtDexRelease&#10;&#10;&gt; Task :app:compileReleaseJavaWithJavac&#10;Note: Some input files use or override a deprecated API.&#10;Note: Recompile with -Xlint:deprecation for details.&#10;Note: /Users/mstarikov/projects/maxim/android/morsetrainer/app/src/main/java/com/maxistar/morsetrainer/HistoryPersistenseService.java uses unchecked or unsafe operations.&#10;Note: Recompile with -Xlint:unchecked for details.&#10;&#10;&gt; Task :app:dexBuilderRelease&#10;&gt; Task :app:optimizeReleaseResources&#10;&gt; Task :app:mergeDexRelease&#10;&gt; Task :app:compileReleaseArtProfile UP-TO-DATE&#10;&gt; Task :app:packageRelease FAILED&#10;&gt; Task :app:lintVitalAnalyzeRelease&#10;&#10;FAILURE: Build failed with an exception.&#10;&#10;* What went wrong:&#10;Execution failed for task &apos;:app:packageRelease&apos;.&#10;&gt; A failure occurred while executing com.android.build.gradle.tasks.PackageAndroidArtifact$IncrementalSplitterRunnable&#10;   &gt; com.android.ide.common.signing.KeytoolException: Failed to read key *** from store &quot;/Users/mstarikov/projects/maxim/my-release-key.keystore&quot;: No key with alias &apos;***&apos; found in keystore /Users/mstarikov/projects/maxim/my-release-key.keystore&#10;&#10;* Try:&#10;&gt; Run with --stacktrace option to get the stack trace.&#10;&gt; Run with --info or --debug option to get more log output.&#10;&gt; Run with --scan to get full insights.&#10;&#10;* Get more help at https://help.gradle.org&#10;&#10;BUILD FAILED in 3s&#10;36 actionable tasks: 34 executed, 2 up-to-date&#10;" />
        
      </testcase>
    
  </testsuite>
</testsuites>
